1546945514.025403 client started (17292): version 2.7, socket /run/tmux/1000/default, protocol 8
1546945514.025439 on Linux 4.12.14-25.23-default #1 SMP Fri Dec 7 13:52:20 UTC 2018 (fd373a4); libevent 2.1.8-stable (poll)
1546945514.025461 socket is /run/tmux/1000/default
1546945514.025472 trying connect
1546945514.025527 add peer 0x5597580259c0: 6 ((nil))
1546945514.025581 sending message 100 to peer 0x5597580259c0 (4 bytes)
1546945514.025590 sending message 101 to peer 0x5597580259c0 (16 bytes)
1546945514.025594 sending message 102 to peer 0x5597580259c0 (11 bytes)
1546945514.025598 sending message 108 to peer 0x5597580259c0 (22 bytes)
1546945514.025606 sending message 104 to peer 0x5597580259c0 (0 bytes)
1546945514.025610 sending message 107 to peer 0x5597580259c0 (4 bytes)
1546945514.025614 sending message 105 to peer 0x5597580259c0 (16 bytes)
1546945514.025618 sending message 105 to peer 0x5597580259c0 (29 bytes)
1546945514.025621 sending message 105 to peer 0x5597580259c0 (39 bytes)
1546945514.025625 sending message 105 to peer 0x5597580259c0 (17 bytes)
1546945514.025628 sending message 105 to peer 0x5597580259c0 (20 bytes)
1546945514.025632 sending message 105 to peer 0x5597580259c0 (14 bytes)
1546945514.025635 sending message 105 to peer 0x5597580259c0 (20 bytes)
1546945514.025639 sending message 105 to peer 0x5597580259c0 (20 bytes)
1546945514.025642 sending message 105 to peer 0x5597580259c0 (47 bytes)
1546945514.025646 sending message 105 to peer 0x5597580259c0 (53 bytes)
1546945514.025649 sending message 105 to peer 0x5597580259c0 (14 bytes)
1546945514.025656 sending message 105 to peer 0x5597580259c0 (20 bytes)
1546945514.025660 sending message 105 to peer 0x5597580259c0 (19 bytes)
1546945514.025664 sending message 105 to peer 0x5597580259c0 (30 bytes)
1546945514.025667 sending message 105 to peer 0x5597580259c0 (12 bytes)
1546945514.025671 sending message 105 to peer 0x5597580259c0 (27 bytes)
1546945514.025674 sending message 105 to peer 0x5597580259c0 (11 bytes)
1546945514.025678 sending message 105 to peer 0x5597580259c0 (14 bytes)
1546945514.025681 sending message 105 to peer 0x5597580259c0 (13 bytes)
1546945514.025685 sending message 105 to peer 0x5597580259c0 (49 bytes)
1546945514.025689 sending message 105 to peer 0x5597580259c0 (109 bytes)
1546945514.025692 sending message 105 to peer 0x5597580259c0 (17 bytes)
1546945514.025696 sending message 105 to peer 0x5597580259c0 (8 bytes)
1546945514.025699 sending message 105 to peer 0x5597580259c0 (11 bytes)
1546945514.025703 sending message 105 to peer 0x5597580259c0 (9 bytes)
1546945514.025706 sending message 105 to peer 0x5597580259c0 (26 bytes)
1546945514.025712 sending message 105 to peer 0x5597580259c0 (14 bytes)
1546945514.025716 sending message 105 to peer 0x5597580259c0 (23 bytes)
1546945514.025719 sending message 105 to peer 0x5597580259c0 (16 bytes)
1546945514.025723 sending message 105 to peer 0x5597580259c0 (32 bytes)
1546945514.025726 sending message 105 to peer 0x5597580259c0 (36 bytes)
1546945514.025730 sending message 105 to peer 0x5597580259c0 (25 bytes)
1546945514.025734 sending message 105 to peer 0x5597580259c0 (17 bytes)
1546945514.025737 sending message 105 to peer 0x5597580259c0 (18 bytes)
1546945514.025741 sending message 105 to peer 0x5597580259c0 (25 bytes)
1546945514.025744 sending message 105 to peer 0x5597580259c0 (49 bytes)
1546945514.025748 sending message 105 to peer 0x5597580259c0 (21 bytes)
1546945514.025751 sending message 105 to peer 0x5597580259c0 (16 bytes)
1546945514.025755 sending message 105 to peer 0x5597580259c0 (13 bytes)
1546945514.025758 sending message 105 to peer 0x5597580259c0 (15 bytes)
1546945514.025762 sending message 105 to peer 0x5597580259c0 (8 bytes)
1546945514.025767 sending message 105 to peer 0x5597580259c0 (10 bytes)
1546945514.025771 sending message 105 to peer 0x5597580259c0 (52 bytes)
1546945514.025775 sending message 105 to peer 0x5597580259c0 (38 bytes)
1546945514.025779 sending message 105 to peer 0x5597580259c0 (11 bytes)
1546945514.025782 sending message 105 to peer 0x5597580259c0 (54 bytes)
1546945514.025792 sending message 105 to peer 0x5597580259c0 (31 bytes)
1546945514.025796 sending message 105 to peer 0x5597580259c0 (25 bytes)
1546945514.025800 sending message 105 to peer 0x5597580259c0 (111 bytes)
1546945514.025804 sending message 105 to peer 0x5597580259c0 (21 bytes)
1546945514.025807 sending message 105 to peer 0x5597580259c0 (14 bytes)
1546945514.025811 sending message 105 to peer 0x5597580259c0 (11 bytes)
1546945514.025814 sending message 105 to peer 0x5597580259c0 (12 bytes)
1546945514.025818 sending message 105 to peer 0x5597580259c0 (24 bytes)
1546945514.025821 sending message 105 to peer 0x5597580259c0 (16 bytes)
1546945514.025833 sending message 106 to peer 0x5597580259c0 (0 bytes)
1546945514.025838 sending message 200 to peer 0x5597580259c0 (4 bytes)
1546945514.025841 client loop enter
1546945514.042400 peer 0x5597580259c0 message 211
1546945514.042416 client_write: sessions should be nested with care, unset $TMUX to force\n
1546945514.042429 peer 0x5597580259c0 message 203
1546945514.042434 client loop exit
